1726918749.891599 client started (97820): version 3.4, socket /private/tmp/tmux-501/default, protocol 8
1726918749.891733 on Darwin 24.0.0 Darwin Kernel Version 24.0.0: Mon Aug 12 20:51:54 PDT 2024; root:xnu-11215.1.10~2/RELEASE_ARM64_T6000
1726918749.891752 using libevent 2.1.12-stable select
1726918749.892246 using utf8proc 2.9.0
1726918749.892263 using ncurses 6.5 20240427
1726918749.892286 flags are 0x10010000
1726918749.892295 socket is /private/tmp/tmux-501/default
1726918749.892318 trying connect
1726918749.892376 add peer 0x148048000: 6 (0x0)
1726918749.894576 sending message 100 to peer 0x148048000 (4 bytes)
1726918749.894588 sending message 111 to peer 0x148048000 (8 bytes)
1726918749.894594 sending message 101 to peer 0x148048000 (16 bytes)
1726918749.894599 sending message 109 to peer 0x148048000 (4 bytes)
1726918749.894605 sending message 102 to peer 0x148048000 (13 bytes)
1726918749.894610 sending message 108 to peer 0x148048000 (32 bytes)
1726918749.894616 sending message 112 to peer 0x148048000 (70 bytes)
1726918749.894621 sending message 112 to peer 0x148048000 (5 bytes)
1726918749.894627 sending message 112 to peer 0x148048000 (5 bytes)
1726918749.894632 sending message 112 to peer 0x148048000 (6 bytes)
1726918749.894637 sending message 112 to peer 0x148048000 (6 bytes)
1726918749.894643 sending message 112 to peer 0x148048000 (11 bytes)
1726918749.894648 sending message 112 to peer 0x148048000 (10 bytes)
1726918749.894653 sending message 112 to peer 0x148048000 (13 bytes)
1726918749.894659 sending message 112 to peer 0x148048000 (13 bytes)
1726918749.894664 sending message 112 to peer 0x148048000 (18 bytes)
1726918749.894669 sending message 112 to peer 0x148048000 (11 bytes)
1726918749.894675 sending message 112 to peer 0x148048000 (21 bytes)
1726918749.894680 sending message 112 to peer 0x148048000 (13 bytes)
1726918749.894685 sending message 112 to peer 0x148048000 (7 bytes)
1726918749.894690 sending message 112 to peer 0x148048000 (13 bytes)
1726918749.894696 sending message 112 to peer 0x148048000 (7 bytes)
1726918749.894701 sending message 112 to peer 0x148048000 (13 bytes)
1726918749.894706 sending message 112 to peer 0x148048000 (9 bytes)
1726918749.894711 sending message 112 to peer 0x148048000 (21 bytes)
1726918749.894717 sending message 112 to peer 0x148048000 (13 bytes)
1726918749.894722 sending message 112 to peer 0x148048000 (8 bytes)
1726918749.894727 sending message 112 to peer 0x148048000 (12 bytes)
1726918749.894732 sending message 112 to peer 0x148048000 (13 bytes)
1726918749.894737 sending message 112 to peer 0x148048000 (9 bytes)
1726918749.894743 sending message 112 to peer 0x148048000 (9 bytes)
1726918749.894748 sending message 112 to peer 0x148048000 (12 bytes)
1726918749.894753 sending message 112 to peer 0x148048000 (8 bytes)
1726918749.894758 sending message 112 to peer 0x148048000 (7 bytes)
1726918749.894764 sending message 112 to peer 0x148048000 (7 bytes)
1726918749.894769 sending message 112 to peer 0x148048000 (9 bytes)
1726918749.894774 sending message 112 to peer 0x148048000 (13 bytes)
1726918749.894779 sending message 112 to peer 0x148048000 (9 bytes)
1726918749.894785 sending message 112 to peer 0x148048000 (15 bytes)
1726918749.894790 sending message 112 to peer 0x148048000 (13 bytes)
1726918749.894795 sending message 112 to peer 0x148048000 (12 bytes)
1726918749.894800 sending message 112 to peer 0x148048000 (8 bytes)
1726918749.894806 sending message 112 to peer 0x148048000 (14 bytes)
1726918749.894811 sending message 112 to peer 0x148048000 (9 bytes)
1726918749.894816 sending message 112 to peer 0x148048000 (10 bytes)
1726918749.894821 sending message 112 to peer 0x148048000 (10 bytes)
1726918749.894826 sending message 112 to peer 0x148048000 (10 bytes)
1726918749.894831 sending message 112 to peer 0x148048000 (10 bytes)
1726918749.894837 sending message 112 to peer 0x148048000 (11 bytes)
1726918749.894842 sending message 112 to peer 0x148048000 (10 bytes)
1726918749.894847 sending message 112 to peer 0x148048000 (8 bytes)
1726918749.894852 sending message 112 to peer 0x148048000 (11 bytes)
1726918749.894867 sending message 112 to peer 0x148048000 (11 bytes)
1726918749.894871 sending message 112 to peer 0x148048000 (11 bytes)
1726918749.894875 sending message 112 to peer 0x148048000 (8 bytes)
1726918749.894879 sending message 112 to peer 0x148048000 (8 bytes)
1726918749.894883 sending message 112 to peer 0x148048000 (8 bytes)
1726918749.894886 sending message 112 to peer 0x148048000 (10 bytes)
1726918749.894890 sending message 112 to peer 0x148048000 (10 bytes)
1726918749.894894 sending message 112 to peer 0x148048000 (10 bytes)
1726918749.894897 sending message 112 to peer 0x148048000 (10 bytes)
1726918749.894901 sending message 112 to peer 0x148048000 (10 bytes)
1726918749.894905 sending message 112 to peer 0x148048000 (11 bytes)
1726918749.894908 sending message 112 to peer 0x148048000 (11 bytes)
1726918749.894912 sending message 112 to peer 0x148048000 (10 bytes)
1726918749.894916 sending message 112 to peer 0x148048000 (9 bytes)
1726918749.894919 sending message 112 to peer 0x148048000 (9 bytes)
1726918749.894923 sending message 112 to peer 0x148048000 (12 bytes)
1726918749.894927 sending message 112 to peer 0x148048000 (9 bytes)
1726918749.894930 sending message 112 to peer 0x148048000 (6 bytes)
1726918749.894934 sending message 112 to peer 0x148048000 (13 bytes)
1726918749.894938 sending message 112 to peer 0x148048000 (8 bytes)
1726918749.894941 sending message 112 to peer 0x148048000 (15 bytes)
1726918749.894945 sending message 112 to peer 0x148048000 (13 bytes)
1726918749.894949 sending message 112 to peer 0x148048000 (70 bytes)
1726918749.894952 sending message 112 to peer 0x148048000 (69 bytes)
1726918749.894956 sending message 112 to peer 0x148048000 (10 bytes)
1726918749.894960 sending message 112 to peer 0x148048000 (8 bytes)
1726918749.894963 sending message 112 to peer 0x148048000 (15 bytes)
1726918749.894967 sending message 112 to peer 0x148048000 (13 bytes)
1726918749.894970 sending message 112 to peer 0x148048000 (10 bytes)
1726918749.894974 sending message 112 to peer 0x148048000 (10 bytes)
1726918749.894978 sending message 112 to peer 0x148048000 (5 bytes)
1726918749.894981 sending message 112 to peer 0x148048000 (15 bytes)
1726918749.894987 sending message 104 to peer 0x148048000 (0 bytes)
1726918749.894992 sending message 110 to peer 0x148048000 (0 bytes)
1726918749.894996 sending message 107 to peer 0x148048000 (4 bytes)
1726918749.895000 sending message 105 to peer 0x148048000 (162 bytes)
1726918749.895003 sending message 105 to peer 0x148048000 (20 bytes)
1726918749.895007 sending message 105 to peer 0x148048000 (22 bytes)
1726918749.895011 sending message 105 to peer 0x148048000 (39 bytes)
1726918749.895015 sending message 105 to peer 0x148048000 (32 bytes)
1726918749.895018 sending message 105 to peer 0x148048000 (29 bytes)
1726918749.895022 sending message 105 to peer 0x148048000 (24 bytes)
1726918749.895026 sending message 105 to peer 0x148048000 (37 bytes)
1726918749.895029 sending message 105 to peer 0x148048000 (30 bytes)
1726918749.895033 sending message 105 to peer 0x148048000 (34 bytes)
1726918749.895036 sending message 105 to peer 0x148048000 (60 bytes)
1726918749.895040 sending message 105 to peer 0x148048000 (17 bytes)
1726918749.895044 sending message 105 to peer 0x148048000 (20 bytes)
1726918749.895047 sending message 105 to peer 0x148048000 (54 bytes)
1726918749.895051 sending message 105 to peer 0x148048000 (15 bytes)
1726918749.895055 sending message 105 to peer 0x148048000 (66 bytes)
1726918749.895058 sending message 105 to peer 0x148048000 (30 bytes)
1726918749.895062 sending message 105 to peer 0x148048000 (21 bytes)
1726918749.895066 sending message 105 to peer 0x148048000 (88 bytes)
1726918749.895070 sending message 105 to peer 0x148048000 (52 bytes)
1726918749.895074 sending message 105 to peer 0x148048000 (2048 bytes)
1726918749.895078 sending message 105 to peer 0x148048000 (36 bytes)
1726918749.895081 sending message 105 to peer 0x148048000 (24 bytes)
1726918749.895085 sending message 105 to peer 0x148048000 (15 bytes)
1726918749.895089 sending message 105 to peer 0x148048000 (8 bytes)
1726918749.895101 sending message 105 to peer 0x148048000 (66 bytes)
1726918749.895105 sending message 105 to peer 0x148048000 (38 bytes)
1726918749.895108 sending message 105 to peer 0x148048000 (19 bytes)
1726918749.895112 sending message 105 to peer 0x148048000 (21 bytes)
1726918749.895116 sending message 105 to peer 0x148048000 (18 bytes)
1726918749.895119 sending message 105 to peer 0x148048000 (25 bytes)
1726918749.895123 sending message 105 to peer 0x148048000 (57 bytes)
1726918749.895127 sending message 105 to peer 0x148048000 (43 bytes)
1726918749.895131 sending message 105 to peer 0x148048000 (13 bytes)
1726918749.895134 sending message 105 to peer 0x148048000 (17 bytes)
1726918749.895138 sending message 105 to peer 0x148048000 (37 bytes)
1726918749.895142 sending message 105 to peer 0x148048000 (38 bytes)
1726918749.895145 sending message 105 to peer 0x148048000 (52 bytes)
1726918749.895149 sending message 105 to peer 0x148048000 (72 bytes)
1726918749.895153 sending message 105 to peer 0x148048000 (64 bytes)
1726918749.895156 sending message 105 to peer 0x148048000 (15 bytes)
1726918749.895160 sending message 105 to peer 0x148048000 (75 bytes)
1726918749.895164 sending message 105 to peer 0x148048000 (14 bytes)
1726918749.895167 sending message 105 to peer 0x148048000 (19 bytes)
1726918749.895171 sending message 105 to peer 0x148048000 (44 bytes)
1726918749.895175 sending message 105 to peer 0x148048000 (38 bytes)
1726918749.895178 sending message 105 to peer 0x148048000 (403 bytes)
1726918749.895183 sending message 105 to peer 0x148048000 (2060 bytes)
1726918749.895187 sending message 105 to peer 0x148048000 (276 bytes)
1726918749.895191 sending message 105 to peer 0x148048000 (78 bytes)
1726918749.895194 sending message 105 to peer 0x148048000 (85 bytes)
1726918749.895198 sending message 105 to peer 0x148048000 (82 bytes)
1726918749.895202 sending message 105 to peer 0x148048000 (63 bytes)
1726918749.895206 sending message 105 to peer 0x148048000 (25 bytes)
1726918749.895209 sending message 106 to peer 0x148048000 (0 bytes)
1726918749.895269 sending message 200 to peer 0x148048000 (4 bytes)
1726918749.895275 client loop enter
1726918749.895475 peer 0x148048000 message 303
1726918749.895494 open write file 2 -
1726918749.895512 sending message 305 to peer 0x148048000 (8 bytes)
1726918749.895529 write check file 2
1726918749.895590 peer 0x148048000 message 304
1726918749.895608 write 58 to file 2
1726918749.895631 peer 0x148048000 message 203
1726918749.895641 file 2 58 bytes left
1726918749.895660 write check file 2
1726918749.895665 client loop exit
